-- Generating done (0.1s)
-- Build files have been written to: C:/Lightweight-Windows-EDR-System/build

Building Release configuration...
MSBuild version 17.14.40+3e7442088 for .NET Framework

  cortex_core.vcxproj -> C:\Lightweight-Windows-EDR-System\build\Release\cortex_core.lib
  ProcessMonitor.cpp
  FileMonitor.cpp
C:\Lightweight-Windows-EDR-System\collectors\ProcessMonitor.cpp(226,72): error C2589: '(': illegal token on right side
of '::' [C:\Lightweight-Windows-EDR-System\build\cortex_collectors.vcxproj]
C:\Lightweight-Windows-EDR-System\collectors\ProcessMonitor.cpp(226,61): error C2062: type 'unknown-type' unexpected [C
:\Lightweight-Windows-EDR-System\build\cortex_collectors.vcxproj]
C:\Lightweight-Windows-EDR-System\collectors\ProcessMonitor.cpp(229,5): error C2059: syntax error: ')' [C:\Lightweight-
Windows-EDR-System\build\cortex_collectors.vcxproj]
  Generating Code...
  cortex_engine.vcxproj -> C:\Lightweight-Windows-EDR-System\build\Release\cortex_engine.lib
  test_eventbus.cpp
  cortex_tests.vcxproj -> C:\Lightweight-Windows-EDR-System\build\Release\cortex_tests.exe
ERROR: Build failed

